<?xml version="1.0" encoding="UTF-8"?>
<!-- Generated by org.testng.reporters.JUnitReportReporter -->
<testsuite hostname="linuxmint" name="com.siyanda.atmWeb.test.services.TotalAtmCustomerServiceTest" tests="1" failures="0" timestamp="9 May 2014 20:09:32 GMT" time="0.021" errors="0">
  <testcase name="totalAtmCustomer" time="0.021" classname="com.siyanda.atmWeb.test.services.TotalAtmCustomerServiceTest"/>
</testsuite> <!-- com.siyanda.atmWeb.test.services.TotalAtmCustomerServiceTest -->
